Performance Statistics   2014-01-06 09:31:00 - 2014-01-06 09:32:00
Tag                                                  Avg(ms)         Min         Max     Std Dev       Count

Performance Statistics   2014-01-06 09:32:00 - 2014-01-06 09:33:00
Tag                                                  Avg(ms)         Min         Max     Std Dev       Count

Performance Statistics   2014-01-06 09:33:00 - 2014-01-06 09:34:00
Tag                                                  Avg(ms)         Min         Max     Std Dev       Count

Performance Statistics   2014-01-06 09:35:00 - 2014-01-06 09:36:00
Tag                                                  Avg(ms)         Min         Max     Std Dev       Count

Performance Statistics   2014-01-06 09:36:00 - 2014-01-06 09:37:00
Tag                                                  Avg(ms)         Min         Max     Std Dev       Count

Performance Statistics   2014-01-06 09:37:00 - 2014-01-06 09:38:00
Tag                                                  Avg(ms)         Min         Max     Std Dev       Count

Performance Statistics   2014-01-06 09:38:00 - 2014-01-06 09:39:00
Tag                                                  Avg(ms)         Min         Max     Std Dev       Count

Performance Statistics   2014-01-06 09:39:00 - 2014-01-06 09:40:00
Tag                                                  Avg(ms)         Min         Max     Std Dev       Count

Performance Statistics   2014-01-06 09:40:00 - 2014-01-06 09:41:00
Tag                                                  Avg(ms)         Min         Max     Std Dev       Count

Performance Statistics   2014-01-06 09:41:00 - 2014-01-06 09:42:00
Tag                                                  Avg(ms)         Min         Max     Std Dev       Count

Performance Statistics   2014-01-06 09:42:00 - 2014-01-06 09:43:00
Tag                                                  Avg(ms)         Min         Max     Std Dev       Count

Performance Statistics   2014-01-06 09:43:00 - 2014-01-06 09:44:00
Tag                                                  Avg(ms)         Min         Max     Std Dev       Count

Performance Statistics   2014-01-06 09:44:00 - 2014-01-06 09:45:00
Tag                                                  Avg(ms)         Min         Max     Std Dev       Count

Performance Statistics   2014-01-06 09:45:00 - 2014-01-06 09:46:00
Tag                                                  Avg(ms)         Min         Max     Std Dev       Count

Performance Statistics   2014-01-06 09:46:00 - 2014-01-06 09:47:00
Tag                                                  Avg(ms)         Min         Max     Std Dev       Count

Performance Statistics   2014-01-06 09:47:00 - 2014-01-06 09:48:00
Tag                                                  Avg(ms)         Min         Max     Std Dev       Count

Performance Statistics   2014-01-06 09:48:00 - 2014-01-06 09:49:00
Tag                                                  Avg(ms)         Min         Max     Std Dev       Count

Performance Statistics   2014-01-06 09:49:00 - 2014-01-06 09:50:00
Tag                                                  Avg(ms)         Min         Max     Std Dev       Count

Performance Statistics   2014-01-06 09:50:00 - 2014-01-06 09:51:00
Tag                                                  Avg(ms)         Min         Max     Std Dev       Count

Performance Statistics   2014-01-06 09:51:00 - 2014-01-06 09:52:00
Tag                                                  Avg(ms)         Min         Max     Std Dev       Count

Performance Statistics   2014-01-06 09:52:00 - 2014-01-06 09:53:00
Tag                                                  Avg(ms)         Min         Max     Std Dev       Count

Performance Statistics   2014-01-06 09:53:00 - 2014-01-06 09:54:00
Tag                                                  Avg(ms)         Min         Max     Std Dev       Count

Performance Statistics   2014-01-06 09:54:00 - 2014-01-06 09:55:00
Tag                                                  Avg(ms)         Min         Max     Std Dev       Count

Performance Statistics   2014-01-06 09:55:00 - 2014-01-06 09:56:00
Tag                                                  Avg(ms)         Min         Max     Std Dev       Count

Performance Statistics   2014-01-06 09:56:00 - 2014-01-06 09:57:00
Tag                                                  Avg(ms)         Min         Max     Std Dev       Count

Performance Statistics   2014-01-06 09:57:00 - 2014-01-06 09:58:00
Tag                                                  Avg(ms)         Min         Max     Std Dev       Count

Performance Statistics   2014-01-06 09:58:00 - 2014-01-06 09:59:00
Tag                                                  Avg(ms)         Min         Max     Std Dev       Count

Performance Statistics   2014-01-06 09:59:00 - 2014-01-06 10:00:00
Tag                                                  Avg(ms)         Min         Max     Std Dev       Count

Performance Statistics   2014-01-06 10:00:00 - 2014-01-06 10:01:00
Tag                                                  Avg(ms)         Min         Max     Std Dev       Count

Performance Statistics   2014-01-06 10:01:00 - 2014-01-06 10:02:00
Tag                                                  Avg(ms)         Min         Max     Std Dev       Count

Performance Statistics   2014-01-06 10:02:00 - 2014-01-06 10:03:00
Tag                                                  Avg(ms)         Min         Max     Std Dev       Count

Performance Statistics   2014-01-06 10:04:00 - 2014-01-06 10:05:00
Tag                                                  Avg(ms)         Min         Max     Std Dev       Count

Performance Statistics   2014-01-06 10:05:00 - 2014-01-06 10:06:00
Tag                                                  Avg(ms)         Min         Max     Std Dev       Count

Performance Statistics   2014-01-06 10:06:00 - 2014-01-06 10:07:00
Tag                                                  Avg(ms)         Min         Max     Std Dev       Count

Performance Statistics   2014-01-06 10:07:00 - 2014-01-06 10:08:00
Tag                                                  Avg(ms)         Min         Max     Std Dev       Count

Performance Statistics   2014-01-06 10:08:00 - 2014-01-06 10:09:00
Tag                                                  Avg(ms)         Min         Max     Std Dev       Count

Performance Statistics   2014-01-06 10:09:00 - 2014-01-06 10:10:00
Tag                                                  Avg(ms)         Min         Max     Std Dev       Count

Performance Statistics   2014-01-06 10:10:00 - 2014-01-06 10:11:00
Tag                                                  Avg(ms)         Min         Max     Std Dev       Count

Performance Statistics   2014-01-06 10:11:00 - 2014-01-06 10:12:00
Tag                                                  Avg(ms)         Min         Max     Std Dev       Count

Performance Statistics   2014-01-06 10:12:00 - 2014-01-06 10:13:00
Tag                                                  Avg(ms)         Min         Max     Std Dev       Count

Performance Statistics   2014-01-06 10:13:00 - 2014-01-06 10:14:00
Tag                                                  Avg(ms)         Min         Max     Std Dev       Count

Performance Statistics   2014-01-06 10:14:00 - 2014-01-06 10:15:00
Tag                                                  Avg(ms)         Min         Max     Std Dev       Count

Performance Statistics   2014-01-06 10:15:00 - 2014-01-06 10:16:00
Tag                                                  Avg(ms)         Min         Max     Std Dev       Count

Performance Statistics   2014-01-06 10:16:00 - 2014-01-06 10:17:00
Tag                                                  Avg(ms)         Min         Max     Std Dev       Count

Performance Statistics   2014-01-06 10:17:00 - 2014-01-06 10:18:00
Tag                                                  Avg(ms)         Min         Max     Std Dev       Count

Performance Statistics   2014-01-06 10:18:00 - 2014-01-06 10:19:00
Tag                                                  Avg(ms)         Min         Max     Std Dev       Count

Performance Statistics   2014-01-06 10:19:00 - 2014-01-06 10:20:00
Tag                                                  Avg(ms)         Min         Max     Std Dev       Count

Performance Statistics   2014-01-06 10:20:00 - 2014-01-06 10:21:00
Tag                                                  Avg(ms)         Min         Max     Std Dev       Count

Performance Statistics   2014-01-06 10:21:00 - 2014-01-06 10:22:00
Tag                                                  Avg(ms)         Min         Max     Std Dev       Count

Performance Statistics   2014-01-06 10:22:00 - 2014-01-06 10:23:00
Tag                                                  Avg(ms)         Min         Max     Std Dev       Count

Performance Statistics   2014-01-06 10:23:00 - 2014-01-06 10:24:00
Tag                                                  Avg(ms)         Min         Max     Std Dev       Count

Performance Statistics   2014-01-06 10:24:00 - 2014-01-06 10:25:00
Tag                                                  Avg(ms)         Min         Max     Std Dev       Count

Performance Statistics   2014-01-06 10:25:00 - 2014-01-06 10:26:00
Tag                                                  Avg(ms)         Min         Max     Std Dev       Count

Performance Statistics   2014-01-06 10:26:00 - 2014-01-06 10:27:00
Tag                                                  Avg(ms)         Min         Max     Std Dev       Count

Performance Statistics   2014-01-06 10:27:00 - 2014-01-06 10:28:00
Tag                                                  Avg(ms)         Min         Max     Std Dev       Count

Performance Statistics   2014-01-06 10:28:00 - 2014-01-06 10:29:00
Tag                                                  Avg(ms)         Min         Max     Std Dev       Count

Performance Statistics   2014-01-06 10:33:00 - 2014-01-06 10:34:00
Tag                                                  Avg(ms)         Min         Max     Std Dev       Count

Performance Statistics   2014-01-06 10:34:00 - 2014-01-06 10:35:00
Tag                                                  Avg(ms)         Min         Max     Std Dev       Count

Performance Statistics   2014-01-06 10:35:00 - 2014-01-06 10:36:00
Tag                                                  Avg(ms)         Min         Max     Std Dev       Count

Performance Statistics   2014-01-06 10:36:00 - 2014-01-06 10:37:00
Tag                                                  Avg(ms)         Min         Max     Std Dev       Count

Performance Statistics   2014-01-06 10:37:00 - 2014-01-06 10:38:00
Tag                                                  Avg(ms)         Min         Max     Std Dev       Count

Performance Statistics   2014-01-06 10:38:00 - 2014-01-06 10:39:00
Tag                                                  Avg(ms)         Min         Max     Std Dev       Count

Performance Statistics   2014-01-06 10:39:00 - 2014-01-06 10:40:00
Tag                                                  Avg(ms)         Min         Max     Std Dev       Count

Performance Statistics   2014-01-06 10:40:00 - 2014-01-06 10:41:00
Tag                                                  Avg(ms)         Min         Max     Std Dev       Count

Performance Statistics   2014-01-06 10:41:00 - 2014-01-06 10:42:00
Tag                                                  Avg(ms)         Min         Max     Std Dev       Count

Performance Statistics   2014-01-06 10:42:00 - 2014-01-06 10:43:00
Tag                                                  Avg(ms)         Min         Max     Std Dev       Count

Performance Statistics   2014-01-06 10:43:00 - 2014-01-06 10:44:00
Tag                                                  Avg(ms)         Min         Max     Std Dev       Count

Performance Statistics   2014-01-06 10:44:00 - 2014-01-06 10:45:00
Tag                                                  Avg(ms)         Min         Max     Std Dev       Count

Performance Statistics   2014-01-06 10:45:00 - 2014-01-06 10:46:00
Tag                                                  Avg(ms)         Min         Max     Std Dev       Count

Performance Statistics   2014-01-06 10:46:00 - 2014-01-06 10:47:00
Tag                                                  Avg(ms)         Min         Max     Std Dev       Count

Performance Statistics   2014-01-06 10:47:00 - 2014-01-06 10:48:00
Tag                                                  Avg(ms)         Min         Max     Std Dev       Count

Performance Statistics   2014-01-06 10:48:00 - 2014-01-06 10:49:00
Tag                                                  Avg(ms)         Min         Max     Std Dev       Count

Performance Statistics   2014-01-06 10:49:00 - 2014-01-06 10:50:00
Tag                                                  Avg(ms)         Min         Max     Std Dev       Count

Performance Statistics   2014-01-06 10:50:00 - 2014-01-06 10:51:00
Tag                                                  Avg(ms)         Min         Max     Std Dev       Count

Performance Statistics   2014-01-06 10:51:00 - 2014-01-06 10:52:00
Tag                                                  Avg(ms)         Min         Max     Std Dev       Count

Performance Statistics   2014-01-06 10:52:00 - 2014-01-06 10:53:00
Tag                                                  Avg(ms)         Min         Max     Std Dev       Count

Performance Statistics   2014-01-06 10:53:00 - 2014-01-06 10:54:00
Tag                                                  Avg(ms)         Min         Max     Std Dev       Count

Performance Statistics   2014-01-10 09:16:00 - 2014-01-10 09:17:00
Tag                                                  Avg(ms)         Min         Max     Std Dev       Count

Performance Statistics   2014-01-10 09:17:00 - 2014-01-10 09:18:00
Tag                                                  Avg(ms)         Min         Max     Std Dev       Count

Performance Statistics   2014-01-10 09:18:00 - 2014-01-10 09:19:00
Tag                                                  Avg(ms)         Min         Max     Std Dev       Count

Performance Statistics   2014-01-10 09:19:00 - 2014-01-10 09:20:00
Tag                                                  Avg(ms)         Min         Max     Std Dev       Count

Performance Statistics   2014-01-10 09:20:00 - 2014-01-10 09:21:00
Tag                                                  Avg(ms)         Min         Max     Std Dev       Count
AUTHENTICATE                                            12.0          12          12         0.0           1
CREATE_TICKET_GRANTING_TICKET                           70.0          70          70         0.0           1
GRANT_SERVICE_TICKET                                     3.0           3           3         0.0           1
VALIDATE_SERVICE_TICKET                                  3.0           3           3         0.0           1

Performance Statistics   2014-01-10 09:24:00 - 2014-01-10 09:25:00
Tag                                                  Avg(ms)         Min         Max     Std Dev       Count

Performance Statistics   2014-01-10 09:25:00 - 2014-01-10 09:26:00
Tag                                                  Avg(ms)         Min         Max     Std Dev       Count

Performance Statistics   2014-01-10 09:26:00 - 2014-01-10 09:27:00
Tag                                                  Avg(ms)         Min         Max     Std Dev       Count

Performance Statistics   2014-01-10 09:27:00 - 2014-01-10 09:28:00
Tag                                                  Avg(ms)         Min         Max     Std Dev       Count

Performance Statistics   2014-01-10 09:28:00 - 2014-01-10 09:29:00
Tag                                                  Avg(ms)         Min         Max     Std Dev       Count

Performance Statistics   2014-01-10 09:29:00 - 2014-01-10 09:30:00
Tag                                                  Avg(ms)         Min         Max     Std Dev       Count

Performance Statistics   2014-01-10 09:30:00 - 2014-01-10 09:31:00
Tag                                                  Avg(ms)         Min         Max     Std Dev       Count

Performance Statistics   2014-01-10 09:31:00 - 2014-01-10 09:32:00
Tag                                                  Avg(ms)         Min         Max     Std Dev       Count
AUTHENTICATE                                             8.0           8           8         0.0           1
CREATE_TICKET_GRANTING_TICKET                           21.0          21          21         0.0           1
GRANT_SERVICE_TICKET                                     3.0           3           3         0.0           1
VALIDATE_SERVICE_TICKET                                  3.0           3           3         0.0           1

Performance Statistics   2014-01-10 09:32:00 - 2014-01-10 09:33:00
Tag                                                  Avg(ms)         Min         Max     Std Dev       Count

Performance Statistics   2014-01-10 09:33:00 - 2014-01-10 09:34:00
Tag                                                  Avg(ms)         Min         Max     Std Dev       Count

Performance Statistics   2014-01-10 09:34:00 - 2014-01-10 09:35:00
Tag                                                  Avg(ms)         Min         Max     Std Dev       Count

Performance Statistics   2014-01-10 09:35:00 - 2014-01-10 09:36:00
Tag                                                  Avg(ms)         Min         Max     Std Dev       Count

Performance Statistics   2014-01-10 09:36:00 - 2014-01-10 09:37:00
Tag                                                  Avg(ms)         Min         Max     Std Dev       Count

Performance Statistics   2014-01-10 09:37:00 - 2014-01-10 09:38:00
Tag                                                  Avg(ms)         Min         Max     Std Dev       Count

Performance Statistics   2014-01-10 09:38:00 - 2014-01-10 09:39:00
Tag                                                  Avg(ms)         Min         Max     Std Dev       Count

Performance Statistics   2014-01-10 09:39:00 - 2014-01-10 09:40:00
Tag                                                  Avg(ms)         Min         Max     Std Dev       Count

Performance Statistics   2014-01-10 09:40:00 - 2014-01-10 09:41:00
Tag                                                  Avg(ms)         Min         Max     Std Dev       Count

Performance Statistics   2014-01-10 09:41:00 - 2014-01-10 09:42:00
Tag                                                  Avg(ms)         Min         Max     Std Dev       Count

Performance Statistics   2014-01-10 09:42:00 - 2014-01-10 09:43:00
Tag                                                  Avg(ms)         Min         Max     Std Dev       Count

Performance Statistics   2014-01-10 09:43:00 - 2014-01-10 09:44:00
Tag                                                  Avg(ms)         Min         Max     Std Dev       Count

Performance Statistics   2014-01-10 09:44:00 - 2014-01-10 09:45:00
Tag                                                  Avg(ms)         Min         Max     Std Dev       Count

Performance Statistics   2014-01-10 09:45:00 - 2014-01-10 09:46:00
Tag                                                  Avg(ms)         Min         Max     Std Dev       Count

Performance Statistics   2014-01-10 09:46:00 - 2014-01-10 09:47:00
Tag                                                  Avg(ms)         Min         Max     Std Dev       Count

Performance Statistics   2014-01-10 09:47:00 - 2014-01-10 09:48:00
Tag                                                  Avg(ms)         Min         Max     Std Dev       Count

Performance Statistics   2014-01-10 09:48:00 - 2014-01-10 09:49:00
Tag                                                  Avg(ms)         Min         Max     Std Dev       Count

Performance Statistics   2014-01-10 09:49:00 - 2014-01-10 09:50:00
Tag                                                  Avg(ms)         Min         Max     Std Dev       Count

Performance Statistics   2014-01-10 09:50:00 - 2014-01-10 09:51:00
Tag                                                  Avg(ms)         Min         Max     Std Dev       Count

Performance Statistics   2014-01-10 09:51:00 - 2014-01-10 09:52:00
Tag                                                  Avg(ms)         Min         Max     Std Dev       Count

Performance Statistics   2014-01-10 09:52:00 - 2014-01-10 09:53:00
Tag                                                  Avg(ms)         Min         Max     Std Dev       Count

Performance Statistics   2014-01-10 09:53:00 - 2014-01-10 09:54:00
Tag                                                  Avg(ms)         Min         Max     Std Dev       Count

Performance Statistics   2014-01-10 09:54:00 - 2014-01-10 09:55:00
Tag                                                  Avg(ms)         Min         Max     Std Dev       Count

Performance Statistics   2014-01-10 09:55:00 - 2014-01-10 09:56:00
Tag                                                  Avg(ms)         Min         Max     Std Dev       Count

Performance Statistics   2014-01-10 09:56:00 - 2014-01-10 09:57:00
Tag                                                  Avg(ms)         Min         Max     Std Dev       Count

Performance Statistics   2014-01-10 09:57:00 - 2014-01-10 09:58:00
Tag                                                  Avg(ms)         Min         Max     Std Dev       Count

Performance Statistics   2014-01-10 09:58:00 - 2014-01-10 09:59:00
Tag                                                  Avg(ms)         Min         Max     Std Dev       Count

Performance Statistics   2014-01-10 09:59:00 - 2014-01-10 10:00:00
Tag                                                  Avg(ms)         Min         Max     Std Dev       Count

Performance Statistics   2014-01-10 10:00:00 - 2014-01-10 10:01:00
Tag                                                  Avg(ms)         Min         Max     Std Dev       Count

Performance Statistics   2014-01-10 10:01:00 - 2014-01-10 10:02:00
Tag                                                  Avg(ms)         Min         Max     Std Dev       Count

Performance Statistics   2014-01-10 10:02:00 - 2014-01-10 10:03:00
Tag                                                  Avg(ms)         Min         Max     Std Dev       Count

Performance Statistics   2014-01-10 10:03:00 - 2014-01-10 10:04:00
Tag                                                  Avg(ms)         Min         Max     Std Dev       Count

Performance Statistics   2014-01-10 10:04:00 - 2014-01-10 10:05:00
Tag                                                  Avg(ms)         Min         Max     Std Dev       Count

Performance Statistics   2014-01-10 10:05:00 - 2014-01-10 10:06:00
Tag                                                  Avg(ms)         Min         Max     Std Dev       Count

Performance Statistics   2014-01-10 10:06:00 - 2014-01-10 10:07:00
Tag                                                  Avg(ms)         Min         Max     Std Dev       Count

Performance Statistics   2014-01-10 10:07:00 - 2014-01-10 10:08:00
Tag                                                  Avg(ms)         Min         Max     Std Dev       Count

Performance Statistics   2014-01-10 10:08:00 - 2014-01-10 10:09:00
Tag                                                  Avg(ms)         Min         Max     Std Dev       Count

Performance Statistics   2014-01-10 10:09:00 - 2014-01-10 10:10:00
Tag                                                  Avg(ms)         Min         Max     Std Dev       Count

Performance Statistics   2014-01-10 10:10:00 - 2014-01-10 10:11:00
Tag                                                  Avg(ms)         Min         Max     Std Dev       Count

Performance Statistics   2014-01-10 10:11:00 - 2014-01-10 10:12:00
Tag                                                  Avg(ms)         Min         Max     Std Dev       Count

Performance Statistics   2014-01-10 10:12:00 - 2014-01-10 10:13:00
Tag                                                  Avg(ms)         Min         Max     Std Dev       Count

Performance Statistics   2014-01-10 10:13:00 - 2014-01-10 10:14:00
Tag                                                  Avg(ms)         Min         Max     Std Dev       Count

Performance Statistics   2014-01-10 10:14:00 - 2014-01-10 10:15:00
Tag                                                  Avg(ms)         Min         Max     Std Dev       Count

Performance Statistics   2014-01-10 10:15:00 - 2014-01-10 10:16:00
Tag                                                  Avg(ms)         Min         Max     Std Dev       Count

Performance Statistics   2014-01-10 10:16:00 - 2014-01-10 10:17:00
Tag                                                  Avg(ms)         Min         Max     Std Dev       Count

Performance Statistics   2014-01-10 10:17:00 - 2014-01-10 10:18:00
Tag                                                  Avg(ms)         Min         Max     Std Dev       Count

Performance Statistics   2014-01-10 10:18:00 - 2014-01-10 10:19:00
Tag                                                  Avg(ms)         Min         Max     Std Dev       Count

Performance Statistics   2014-01-10 10:19:00 - 2014-01-10 10:20:00
Tag                                                  Avg(ms)         Min         Max     Std Dev       Count

Performance Statistics   2014-01-10 10:20:00 - 2014-01-10 10:21:00
Tag                                                  Avg(ms)         Min         Max     Std Dev       Count

Performance Statistics   2014-01-10 10:21:00 - 2014-01-10 10:22:00
Tag                                                  Avg(ms)         Min         Max     Std Dev       Count

Performance Statistics   2014-01-10 10:22:00 - 2014-01-10 10:23:00
Tag                                                  Avg(ms)         Min         Max     Std Dev       Count

Performance Statistics   2014-01-10 10:23:00 - 2014-01-10 10:24:00
Tag                                                  Avg(ms)         Min         Max     Std Dev       Count

Performance Statistics   2014-01-10 10:24:00 - 2014-01-10 10:25:00
Tag                                                  Avg(ms)         Min         Max     Std Dev       Count

Performance Statistics   2014-01-10 10:25:00 - 2014-01-10 10:26:00
Tag                                                  Avg(ms)         Min         Max     Std Dev       Count

Performance Statistics   2014-01-10 10:26:00 - 2014-01-10 10:27:00
Tag                                                  Avg(ms)         Min         Max     Std Dev       Count

Performance Statistics   2014-01-10 10:27:00 - 2014-01-10 10:28:00
Tag                                                  Avg(ms)         Min         Max     Std Dev       Count

Performance Statistics   2014-01-10 10:28:00 - 2014-01-10 10:29:00
Tag                                                  Avg(ms)         Min         Max     Std Dev       Count

Performance Statistics   2014-01-10 10:29:00 - 2014-01-10 10:30:00
Tag                                                  Avg(ms)         Min         Max     Std Dev       Count

Performance Statistics   2014-01-10 10:30:00 - 2014-01-10 10:31:00
Tag                                                  Avg(ms)         Min         Max     Std Dev       Count

Performance Statistics   2014-01-10 10:31:00 - 2014-01-10 10:32:00
Tag                                                  Avg(ms)         Min         Max     Std Dev       Count

Performance Statistics   2014-01-10 10:32:00 - 2014-01-10 10:33:00
Tag                                                  Avg(ms)         Min         Max     Std Dev       Count

Performance Statistics   2014-01-10 10:33:00 - 2014-01-10 10:34:00
Tag                                                  Avg(ms)         Min         Max     Std Dev       Count

Performance Statistics   2014-01-10 10:34:00 - 2014-01-10 10:35:00
Tag                                                  Avg(ms)         Min         Max     Std Dev       Count

Performance Statistics   2014-01-10 10:35:00 - 2014-01-10 10:36:00
Tag                                                  Avg(ms)         Min         Max     Std Dev       Count

Performance Statistics   2014-01-10 10:36:00 - 2014-01-10 10:37:00
Tag                                                  Avg(ms)         Min         Max     Std Dev       Count

Performance Statistics   2014-01-10 10:37:00 - 2014-01-10 10:38:00
Tag                                                  Avg(ms)         Min         Max     Std Dev       Count

Performance Statistics   2014-01-10 10:38:00 - 2014-01-10 10:39:00
Tag                                                  Avg(ms)         Min         Max     Std Dev       Count

Performance Statistics   2014-01-10 10:39:00 - 2014-01-10 10:40:00
Tag                                                  Avg(ms)         Min         Max     Std Dev       Count

Performance Statistics   2014-01-10 10:40:00 - 2014-01-10 10:41:00
Tag                                                  Avg(ms)         Min         Max     Std Dev       Count

Performance Statistics   2014-01-10 10:41:00 - 2014-01-10 10:42:00
Tag                                                  Avg(ms)         Min         Max     Std Dev       Count

Performance Statistics   2014-01-10 10:42:00 - 2014-01-10 10:43:00
Tag                                                  Avg(ms)         Min         Max     Std Dev       Count

Performance Statistics   2014-01-10 10:43:00 - 2014-01-10 10:44:00
Tag                                                  Avg(ms)         Min         Max     Std Dev       Count

Performance Statistics   2014-01-10 10:44:00 - 2014-01-10 10:45:00
Tag                                                  Avg(ms)         Min         Max     Std Dev       Count

Performance Statistics   2014-01-10 10:45:00 - 2014-01-10 10:46:00
Tag                                                  Avg(ms)         Min         Max     Std Dev       Count

Performance Statistics   2014-01-10 10:46:00 - 2014-01-10 10:47:00
Tag                                                  Avg(ms)         Min         Max     Std Dev       Count

Performance Statistics   2014-01-10 10:47:00 - 2014-01-10 10:48:00
Tag                                                  Avg(ms)         Min         Max     Std Dev       Count

Performance Statistics   2014-01-10 10:48:00 - 2014-01-10 10:49:00
Tag                                                  Avg(ms)         Min         Max     Std Dev       Count

Performance Statistics   2014-01-10 10:49:00 - 2014-01-10 10:50:00
Tag                                                  Avg(ms)         Min         Max     Std Dev       Count

Performance Statistics   2014-01-10 10:50:00 - 2014-01-10 10:51:00
Tag                                                  Avg(ms)         Min         Max     Std Dev       Count

Performance Statistics   2014-01-10 10:51:00 - 2014-01-10 10:52:00
Tag                                                  Avg(ms)         Min         Max     Std Dev       Count

Performance Statistics   2014-01-10 10:52:00 - 2014-01-10 10:53:00
Tag                                                  Avg(ms)         Min         Max     Std Dev       Count

Performance Statistics   2014-01-10 10:53:00 - 2014-01-10 10:54:00
Tag                                                  Avg(ms)         Min         Max     Std Dev       Count

Performance Statistics   2014-01-10 10:54:00 - 2014-01-10 10:55:00
Tag                                                  Avg(ms)         Min         Max     Std Dev       Count

Performance Statistics   2014-01-10 10:55:00 - 2014-01-10 10:56:00
Tag                                                  Avg(ms)         Min         Max     Std Dev       Count

Performance Statistics   2014-01-10 10:56:00 - 2014-01-10 10:57:00
Tag                                                  Avg(ms)         Min         Max     Std Dev       Count

Performance Statistics   2014-01-10 10:57:00 - 2014-01-10 10:58:00
Tag                                                  Avg(ms)         Min         Max     Std Dev       Count

Performance Statistics   2014-01-10 10:58:00 - 2014-01-10 10:59:00
Tag                                                  Avg(ms)         Min         Max     Std Dev       Count

Performance Statistics   2014-01-10 10:59:00 - 2014-01-10 11:00:00
Tag                                                  Avg(ms)         Min         Max     Std Dev       Count

Performance Statistics   2014-01-10 11:00:00 - 2014-01-10 11:01:00
Tag                                                  Avg(ms)         Min         Max     Std Dev       Count

Performance Statistics   2014-01-10 11:01:00 - 2014-01-10 11:02:00
Tag                                                  Avg(ms)         Min         Max     Std Dev       Count

Performance Statistics   2014-01-10 11:02:00 - 2014-01-10 11:03:00
Tag                                                  Avg(ms)         Min         Max     Std Dev       Count

Performance Statistics   2014-01-10 11:03:00 - 2014-01-10 11:04:00
Tag                                                  Avg(ms)         Min         Max     Std Dev       Count

Performance Statistics   2014-01-10 11:04:00 - 2014-01-10 11:05:00
Tag                                                  Avg(ms)         Min         Max     Std Dev       Count

Performance Statistics   2014-01-10 11:05:00 - 2014-01-10 11:06:00
Tag                                                  Avg(ms)         Min         Max     Std Dev       Count

Performance Statistics   2014-01-10 11:06:00 - 2014-01-10 11:07:00
Tag                                                  Avg(ms)         Min         Max     Std Dev       Count

Performance Statistics   2014-01-10 11:07:00 - 2014-01-10 11:08:00
Tag                                                  Avg(ms)         Min         Max     Std Dev       Count

Performance Statistics   2014-01-10 11:08:00 - 2014-01-10 11:09:00
Tag                                                  Avg(ms)         Min         Max     Std Dev       Count

Performance Statistics   2014-01-10 11:09:00 - 2014-01-10 11:10:00
Tag                                                  Avg(ms)         Min         Max     Std Dev       Count

Performance Statistics   2014-01-10 11:10:00 - 2014-01-10 11:11:00
Tag                                                  Avg(ms)         Min         Max     Std Dev       Count
AUTHENTICATE                                             0.0           0           0         0.0           1
CREATE_TICKET_GRANTING_TICKET                            2.0           2           2         0.0           1
GRANT_SERVICE_TICKET                                     0.0           0           0         0.0           1
VALIDATE_SERVICE_TICKET                                  0.0           0           0         0.0           1

Performance Statistics   2014-01-10 11:11:00 - 2014-01-10 11:12:00
Tag                                                  Avg(ms)         Min         Max     Std Dev       Count

Performance Statistics   2014-01-10 11:12:00 - 2014-01-10 11:13:00
Tag                                                  Avg(ms)         Min         Max     Std Dev       Count

Performance Statistics   2014-01-10 11:13:00 - 2014-01-10 11:14:00
Tag                                                  Avg(ms)         Min         Max     Std Dev       Count

Performance Statistics   2014-01-10 11:14:00 - 2014-01-10 11:15:00
Tag                                                  Avg(ms)         Min         Max     Std Dev       Count

Performance Statistics   2014-01-10 11:15:00 - 2014-01-10 11:16:00
Tag                                                  Avg(ms)         Min         Max     Std Dev       Count

Performance Statistics   2014-01-10 11:16:00 - 2014-01-10 11:17:00
Tag                                                  Avg(ms)         Min         Max     Std Dev       Count

Performance Statistics   2014-01-10 11:17:00 - 2014-01-10 11:18:00
Tag                                                  Avg(ms)         Min         Max     Std Dev       Count

Performance Statistics   2014-01-10 11:18:00 - 2014-01-10 11:19:00
Tag                                                  Avg(ms)         Min         Max     Std Dev       Count

Performance Statistics   2014-01-10 11:19:00 - 2014-01-10 11:20:00
Tag                                                  Avg(ms)         Min         Max     Std Dev       Count

Performance Statistics   2014-01-10 11:20:00 - 2014-01-10 11:21:00
Tag                                                  Avg(ms)         Min         Max     Std Dev       Count

Performance Statistics   2014-01-10 11:21:00 - 2014-01-10 11:22:00
Tag                                                  Avg(ms)         Min         Max     Std Dev       Count

Performance Statistics   2014-01-10 11:22:00 - 2014-01-10 11:23:00
Tag                                                  Avg(ms)         Min         Max     Std Dev       Count

Performance Statistics   2014-01-10 11:23:00 - 2014-01-10 11:24:00
Tag                                                  Avg(ms)         Min         Max     Std Dev       Count

Performance Statistics   2014-01-10 11:24:00 - 2014-01-10 11:25:00
Tag                                                  Avg(ms)         Min         Max     Std Dev       Count

Performance Statistics   2014-01-10 11:25:00 - 2014-01-10 11:26:00
Tag                                                  Avg(ms)         Min         Max     Std Dev       Count

Performance Statistics   2014-01-10 11:26:00 - 2014-01-10 11:27:00
Tag                                                  Avg(ms)         Min         Max     Std Dev       Count

Performance Statistics   2014-01-10 11:27:00 - 2014-01-10 11:28:00
Tag                                                  Avg(ms)         Min         Max     Std Dev       Count

Performance Statistics   2014-01-10 11:28:00 - 2014-01-10 11:29:00
Tag                                                  Avg(ms)         Min         Max     Std Dev       Count

Performance Statistics   2014-01-10 11:29:00 - 2014-01-10 11:30:00
Tag                                                  Avg(ms)         Min         Max     Std Dev       Count

Performance Statistics   2014-01-10 11:30:00 - 2014-01-10 11:31:00
Tag                                                  Avg(ms)         Min         Max     Std Dev       Count

Performance Statistics   2014-01-10 11:31:00 - 2014-01-10 11:32:00
Tag                                                  Avg(ms)         Min         Max     Std Dev       Count

Performance Statistics   2014-01-10 11:32:00 - 2014-01-10 11:33:00
Tag                                                  Avg(ms)         Min         Max     Std Dev       Count

Performance Statistics   2014-01-10 11:33:00 - 2014-01-10 11:34:00
Tag                                                  Avg(ms)         Min         Max     Std Dev       Count

Performance Statistics   2014-01-10 11:34:00 - 2014-01-10 11:35:00
Tag                                                  Avg(ms)         Min         Max     Std Dev       Count

Performance Statistics   2014-01-10 11:35:00 - 2014-01-10 11:36:00
Tag                                                  Avg(ms)         Min         Max     Std Dev       Count

Performance Statistics   2014-01-10 11:36:00 - 2014-01-10 11:37:00
Tag                                                  Avg(ms)         Min         Max     Std Dev       Count

Performance Statistics   2014-01-10 11:38:00 - 2014-01-10 11:39:00
Tag                                                  Avg(ms)         Min         Max     Std Dev       Count

Performance Statistics   2014-01-10 11:39:00 - 2014-01-10 11:40:00
Tag                                                  Avg(ms)         Min         Max     Std Dev       Count

Performance Statistics   2014-01-10 11:40:00 - 2014-01-10 11:41:00
Tag                                                  Avg(ms)         Min         Max     Std Dev       Count

Performance Statistics   2014-01-10 11:41:00 - 2014-01-10 11:42:00
Tag                                                  Avg(ms)         Min         Max     Std Dev       Count

Performance Statistics   2014-01-10 11:42:00 - 2014-01-10 11:43:00
Tag                                                  Avg(ms)         Min         Max     Std Dev       Count

Performance Statistics   2014-01-10 11:43:00 - 2014-01-10 11:44:00
Tag                                                  Avg(ms)         Min         Max     Std Dev       Count

Performance Statistics   2014-01-10 11:44:00 - 2014-01-10 11:45:00
Tag                                                  Avg(ms)         Min         Max     Std Dev       Count

Performance Statistics   2014-01-10 11:45:00 - 2014-01-10 11:46:00
Tag                                                  Avg(ms)         Min         Max     Std Dev       Count

Performance Statistics   2014-01-10 11:46:00 - 2014-01-10 11:47:00
Tag                                                  Avg(ms)         Min         Max     Std Dev       Count

Performance Statistics   2014-01-10 11:47:00 - 2014-01-10 11:48:00
Tag                                                  Avg(ms)         Min         Max     Std Dev       Count

Performance Statistics   2014-01-10 11:48:00 - 2014-01-10 11:49:00
Tag                                                  Avg(ms)         Min         Max     Std Dev       Count

Performance Statistics   2014-01-10 11:49:00 - 2014-01-10 11:50:00
Tag                                                  Avg(ms)         Min         Max     Std Dev       Count

Performance Statistics   2014-01-10 11:50:00 - 2014-01-10 11:51:00
Tag                                                  Avg(ms)         Min         Max     Std Dev       Count

Performance Statistics   2014-01-10 11:51:00 - 2014-01-10 11:52:00
Tag                                                  Avg(ms)         Min         Max     Std Dev       Count

Performance Statistics   2014-01-10 11:52:00 - 2014-01-10 11:53:00
Tag                                                  Avg(ms)         Min         Max     Std Dev       Count

Performance Statistics   2014-01-10 11:53:00 - 2014-01-10 11:54:00
Tag                                                  Avg(ms)         Min         Max     Std Dev       Count

Performance Statistics   2014-01-10 11:54:00 - 2014-01-10 11:55:00
Tag                                                  Avg(ms)         Min         Max     Std Dev       Count

Performance Statistics   2014-01-10 11:55:00 - 2014-01-10 11:56:00
Tag                                                  Avg(ms)         Min         Max     Std Dev       Count

Performance Statistics   2014-01-10 11:56:00 - 2014-01-10 11:57:00
Tag                                                  Avg(ms)         Min         Max     Std Dev       Count

Performance Statistics   2014-01-10 11:57:00 - 2014-01-10 11:58:00
Tag                                                  Avg(ms)         Min         Max     Std Dev       Count

Performance Statistics   2014-01-10 11:58:00 - 2014-01-10 11:59:00
Tag                                                  Avg(ms)         Min         Max     Std Dev       Count

Performance Statistics   2014-01-10 11:59:00 - 2014-01-10 12:00:00
Tag                                                  Avg(ms)         Min         Max     Std Dev       Count

Performance Statistics   2014-01-10 12:00:00 - 2014-01-10 12:01:00
Tag                                                  Avg(ms)         Min         Max     Std Dev       Count

Performance Statistics   2014-01-10 12:01:00 - 2014-01-10 12:02:00
Tag                                                  Avg(ms)         Min         Max     Std Dev       Count

Performance Statistics   2014-01-10 12:02:00 - 2014-01-10 12:03:00
Tag                                                  Avg(ms)         Min         Max     Std Dev       Count

Performance Statistics   2014-01-10 12:03:00 - 2014-01-10 12:04:00
Tag                                                  Avg(ms)         Min         Max     Std Dev       Count

Performance Statistics   2014-01-10 12:04:00 - 2014-01-10 12:05:00
Tag                                                  Avg(ms)         Min         Max     Std Dev       Count

Performance Statistics   2014-01-10 12:05:00 - 2014-01-10 12:06:00
Tag                                                  Avg(ms)         Min         Max     Std Dev       Count

Performance Statistics   2014-01-10 12:06:00 - 2014-01-10 12:07:00
Tag                                                  Avg(ms)         Min         Max     Std Dev       Count

Performance Statistics   2014-01-10 12:07:00 - 2014-01-10 12:08:00
Tag                                                  Avg(ms)         Min         Max     Std Dev       Count

Performance Statistics   2014-01-10 12:08:00 - 2014-01-10 12:09:00
Tag                                                  Avg(ms)         Min         Max     Std Dev       Count

Performance Statistics   2014-01-10 12:09:00 - 2014-01-10 12:10:00
Tag                                                  Avg(ms)         Min         Max     Std Dev       Count

Performance Statistics   2014-01-10 12:10:00 - 2014-01-10 12:11:00
Tag                                                  Avg(ms)         Min         Max     Std Dev       Count

Performance Statistics   2014-01-10 12:11:00 - 2014-01-10 12:12:00
Tag                                                  Avg(ms)         Min         Max     Std Dev       Count

Performance Statistics   2014-01-10 12:12:00 - 2014-01-10 12:13:00
Tag                                                  Avg(ms)         Min         Max     Std Dev       Count

Performance Statistics   2014-01-10 12:13:00 - 2014-01-10 12:14:00
Tag                                                  Avg(ms)         Min         Max     Std Dev       Count

Performance Statistics   2014-01-10 12:14:00 - 2014-01-10 12:15:00
Tag                                                  Avg(ms)         Min         Max     Std Dev       Count

Performance Statistics   2014-01-10 12:15:00 - 2014-01-10 12:16:00
Tag                                                  Avg(ms)         Min         Max     Std Dev       Count

Performance Statistics   2014-01-10 12:16:00 - 2014-01-10 12:17:00
Tag                                                  Avg(ms)         Min         Max     Std Dev       Count

Performance Statistics   2014-01-10 12:17:00 - 2014-01-10 12:18:00
Tag                                                  Avg(ms)         Min         Max     Std Dev       Count

Performance Statistics   2014-01-10 12:18:00 - 2014-01-10 12:19:00
Tag                                                  Avg(ms)         Min         Max     Std Dev       Count

Performance Statistics   2014-01-10 12:19:00 - 2014-01-10 12:20:00
Tag                                                  Avg(ms)         Min         Max     Std Dev       Count

Performance Statistics   2014-01-10 12:20:00 - 2014-01-10 12:21:00
Tag                                                  Avg(ms)         Min         Max     Std Dev       Count

Performance Statistics   2014-01-10 12:21:00 - 2014-01-10 12:22:00
Tag                                                  Avg(ms)         Min         Max     Std Dev       Count

Performance Statistics   2014-01-10 12:22:00 - 2014-01-10 12:23:00
Tag                                                  Avg(ms)         Min         Max     Std Dev       Count

Performance Statistics   2014-01-10 12:23:00 - 2014-01-10 12:24:00
Tag                                                  Avg(ms)         Min         Max     Std Dev       Count

Performance Statistics   2014-01-10 14:11:00 - 2014-01-10 14:12:00
Tag                                                  Avg(ms)         Min         Max     Std Dev       Count

Performance Statistics   2014-01-10 14:12:00 - 2014-01-10 14:13:00
Tag                                                  Avg(ms)         Min         Max     Std Dev       Count

Performance Statistics   2014-01-10 14:13:00 - 2014-01-10 14:14:00
Tag                                                  Avg(ms)         Min         Max     Std Dev       Count

Performance Statistics   2014-01-10 14:14:00 - 2014-01-10 14:15:00
Tag                                                  Avg(ms)         Min         Max     Std Dev       Count

Performance Statistics   2014-01-10 14:15:00 - 2014-01-10 14:16:00
Tag                                                  Avg(ms)         Min         Max     Std Dev       Count

Performance Statistics   2014-01-10 14:16:00 - 2014-01-10 14:17:00
Tag                                                  Avg(ms)         Min         Max     Std Dev       Count

Performance Statistics   2014-01-10 14:17:00 - 2014-01-10 14:18:00
Tag                                                  Avg(ms)         Min         Max     Std Dev       Count

Performance Statistics   2014-01-10 14:18:00 - 2014-01-10 14:19:00
Tag                                                  Avg(ms)         Min         Max     Std Dev       Count

Performance Statistics   2014-01-10 14:19:00 - 2014-01-10 14:20:00
Tag                                                  Avg(ms)         Min         Max     Std Dev       Count

Performance Statistics   2014-01-10 14:20:00 - 2014-01-10 14:21:00
Tag                                                  Avg(ms)         Min         Max     Std Dev       Count

Performance Statistics   2014-01-10 14:21:00 - 2014-01-10 14:22:00
Tag                                                  Avg(ms)         Min         Max     Std Dev       Count

Performance Statistics   2014-01-10 14:22:00 - 2014-01-10 14:23:00
Tag                                                  Avg(ms)         Min         Max     Std Dev       Count

Performance Statistics   2014-01-10 14:23:00 - 2014-01-10 14:24:00
Tag                                                  Avg(ms)         Min         Max     Std Dev       Count

Performance Statistics   2014-01-10 14:24:00 - 2014-01-10 14:25:00
Tag                                                  Avg(ms)         Min         Max     Std Dev       Count

Performance Statistics   2014-01-10 14:25:00 - 2014-01-10 14:26:00
Tag                                                  Avg(ms)         Min         Max     Std Dev       Count

Performance Statistics   2014-01-10 14:26:00 - 2014-01-10 14:27:00
Tag                                                  Avg(ms)         Min         Max     Std Dev       Count

Performance Statistics   2014-01-10 14:27:00 - 2014-01-10 14:28:00
Tag                                                  Avg(ms)         Min         Max     Std Dev       Count

Performance Statistics   2014-01-10 14:28:00 - 2014-01-10 14:29:00
Tag                                                  Avg(ms)         Min         Max     Std Dev       Count

Performance Statistics   2014-01-10 14:29:00 - 2014-01-10 14:30:00
Tag                                                  Avg(ms)         Min         Max     Std Dev       Count

Performance Statistics   2014-01-10 14:30:00 - 2014-01-10 14:31:00
Tag                                                  Avg(ms)         Min         Max     Std Dev       Count

Performance Statistics   2014-01-10 14:31:00 - 2014-01-10 14:32:00
Tag                                                  Avg(ms)         Min         Max     Std Dev       Count

Performance Statistics   2014-01-10 14:32:00 - 2014-01-10 14:33:00
Tag                                                  Avg(ms)         Min         Max     Std Dev       Count

Performance Statistics   2014-01-10 14:33:00 - 2014-01-10 14:34:00
Tag                                                  Avg(ms)         Min         Max     Std Dev       Count

Performance Statistics   2014-01-10 14:34:00 - 2014-01-10 14:35:00
Tag                                                  Avg(ms)         Min         Max     Std Dev       Count

Performance Statistics   2014-01-10 14:35:00 - 2014-01-10 14:36:00
Tag                                                  Avg(ms)         Min         Max     Std Dev       Count

Performance Statistics   2014-01-10 14:36:00 - 2014-01-10 14:37:00
Tag                                                  Avg(ms)         Min         Max     Std Dev       Count

Performance Statistics   2014-01-10 14:37:00 - 2014-01-10 14:38:00
Tag                                                  Avg(ms)         Min         Max     Std Dev       Count

Performance Statistics   2014-01-10 14:38:00 - 2014-01-10 14:39:00
Tag                                                  Avg(ms)         Min         Max     Std Dev       Count

Performance Statistics   2014-01-10 14:39:00 - 2014-01-10 14:40:00
Tag                                                  Avg(ms)         Min         Max     Std Dev       Count

Performance Statistics   2014-01-10 14:40:00 - 2014-01-10 14:41:00
Tag                                                  Avg(ms)         Min         Max     Std Dev       Count

Performance Statistics   2014-01-10 14:41:00 - 2014-01-10 14:42:00
Tag                                                  Avg(ms)         Min         Max     Std Dev       Count

Performance Statistics   2014-01-10 14:42:00 - 2014-01-10 14:43:00
Tag                                                  Avg(ms)         Min         Max     Std Dev       Count

Performance Statistics   2014-01-10 14:43:00 - 2014-01-10 14:44:00
Tag                                                  Avg(ms)         Min         Max     Std Dev       Count

Performance Statistics   2014-01-10 14:44:00 - 2014-01-10 14:45:00
Tag                                                  Avg(ms)         Min         Max     Std Dev       Count

Performance Statistics   2014-01-10 14:45:00 - 2014-01-10 14:46:00
Tag                                                  Avg(ms)         Min         Max     Std Dev       Count

Performance Statistics   2014-01-10 14:46:00 - 2014-01-10 14:47:00
Tag                                                  Avg(ms)         Min         Max     Std Dev       Count

Performance Statistics   2014-01-10 14:47:00 - 2014-01-10 14:48:00
Tag                                                  Avg(ms)         Min         Max     Std Dev       Count

Performance Statistics   2014-01-10 14:48:00 - 2014-01-10 14:49:00
Tag                                                  Avg(ms)         Min         Max     Std Dev       Count

Performance Statistics   2014-01-10 14:49:00 - 2014-01-10 14:50:00
Tag                                                  Avg(ms)         Min         Max     Std Dev       Count

Performance Statistics   2014-01-10 14:50:00 - 2014-01-10 14:51:00
Tag                                                  Avg(ms)         Min         Max     Std Dev       Count

Performance Statistics   2014-01-10 14:51:00 - 2014-01-10 14:52:00
Tag                                                  Avg(ms)         Min         Max     Std Dev       Count

Performance Statistics   2014-01-10 14:52:00 - 2014-01-10 14:53:00
Tag                                                  Avg(ms)         Min         Max     Std Dev       Count

Performance Statistics   2014-01-10 14:53:00 - 2014-01-10 14:54:00
Tag                                                  Avg(ms)         Min         Max     Std Dev       Count

Performance Statistics   2014-01-10 14:54:00 - 2014-01-10 14:55:00
Tag                                                  Avg(ms)         Min         Max     Std Dev       Count

Performance Statistics   2014-01-10 14:55:00 - 2014-01-10 14:56:00
Tag                                                  Avg(ms)         Min         Max     Std Dev       Count

Performance Statistics   2014-01-10 14:56:00 - 2014-01-10 14:57:00
Tag                                                  Avg(ms)         Min         Max     Std Dev       Count

Performance Statistics   2014-01-10 14:57:00 - 2014-01-10 14:58:00
Tag                                                  Avg(ms)         Min         Max     Std Dev       Count

Performance Statistics   2014-01-10 14:58:00 - 2014-01-10 14:59:00
Tag                                                  Avg(ms)         Min         Max     Std Dev       Count

Performance Statistics   2014-01-10 14:59:00 - 2014-01-10 15:00:00
Tag                                                  Avg(ms)         Min         Max     Std Dev       Count

Performance Statistics   2014-01-10 15:00:00 - 2014-01-10 15:01:00
Tag                                                  Avg(ms)         Min         Max     Std Dev       Count

Performance Statistics   2014-01-10 15:01:00 - 2014-01-10 15:02:00
Tag                                                  Avg(ms)         Min         Max     Std Dev       Count

Performance Statistics   2014-01-10 15:02:00 - 2014-01-10 15:03:00
Tag                                                  Avg(ms)         Min         Max     Std Dev       Count

Performance Statistics   2014-01-10 15:03:00 - 2014-01-10 15:04:00
Tag                                                  Avg(ms)         Min         Max     Std Dev       Count

Performance Statistics   2014-01-10 15:04:00 - 2014-01-10 15:05:00
Tag                                                  Avg(ms)         Min         Max     Std Dev       Count

Performance Statistics   2014-01-10 15:05:00 - 2014-01-10 15:06:00
Tag                                                  Avg(ms)         Min         Max     Std Dev       Count

Performance Statistics   2014-01-10 15:06:00 - 2014-01-10 15:07:00
Tag                                                  Avg(ms)         Min         Max     Std Dev       Count

Performance Statistics   2014-01-10 15:07:00 - 2014-01-10 15:08:00
Tag                                                  Avg(ms)         Min         Max     Std Dev       Count

Performance Statistics   2014-01-10 15:08:00 - 2014-01-10 15:09:00
Tag                                                  Avg(ms)         Min         Max     Std Dev       Count

Performance Statistics   2014-01-10 15:09:00 - 2014-01-10 15:10:00
Tag                                                  Avg(ms)         Min         Max     Std Dev       Count

Performance Statistics   2014-01-10 15:10:00 - 2014-01-10 15:11:00
Tag                                                  Avg(ms)         Min         Max     Std Dev       Count

Performance Statistics   2014-01-10 15:13:00 - 2014-01-10 15:14:00
Tag                                                  Avg(ms)         Min         Max     Std Dev       Count

Performance Statistics   2014-01-10 15:14:00 - 2014-01-10 15:15:00
Tag                                                  Avg(ms)         Min         Max     Std Dev       Count

Performance Statistics   2014-01-10 15:15:00 - 2014-01-10 15:16:00
Tag                                                  Avg(ms)         Min         Max     Std Dev       Count

Performance Statistics   2014-01-10 15:16:00 - 2014-01-10 15:17:00
Tag                                                  Avg(ms)         Min         Max     Std Dev       Count
AUTHENTICATE                                             8.0           8           8         0.0           1
CREATE_TICKET_GRANTING_TICKET                           21.0          21          21         0.0           1
GRANT_SERVICE_TICKET                                     3.0           3           3         0.0           1
VALIDATE_SERVICE_TICKET                                  4.0           4           4         0.0           1

Performance Statistics   2014-01-10 15:18:00 - 2014-01-10 15:19:00
Tag                                                  Avg(ms)         Min         Max     Std Dev       Count

Performance Statistics   2014-01-10 15:22:00 - 2014-01-10 15:23:00
Tag                                                  Avg(ms)         Min         Max     Std Dev       Count

Performance Statistics   2014-01-10 15:23:00 - 2014-01-10 15:24:00
Tag                                                  Avg(ms)         Min         Max     Std Dev       Count

Performance Statistics   2014-01-10 15:24:00 - 2014-01-10 15:25:00
Tag                                                  Avg(ms)         Min         Max     Std Dev       Count

Performance Statistics   2014-01-10 15:25:00 - 2014-01-10 15:26:00
Tag                                                  Avg(ms)         Min         Max     Std Dev       Count

Performance Statistics   2014-01-10 15:26:00 - 2014-01-10 15:27:00
Tag                                                  Avg(ms)         Min         Max     Std Dev       Count

Performance Statistics   2014-01-10 15:27:00 - 2014-01-10 15:28:00
Tag                                                  Avg(ms)         Min         Max     Std Dev       Count

Performance Statistics   2014-01-10 15:44:00 - 2014-01-10 15:45:00
Tag                                                  Avg(ms)         Min         Max     Std Dev       Count

Performance Statistics   2014-01-10 15:45:00 - 2014-01-10 15:46:00
Tag                                                  Avg(ms)         Min         Max     Std Dev       Count

Performance Statistics   2014-01-10 15:46:00 - 2014-01-10 15:47:00
Tag                                                  Avg(ms)         Min         Max     Std Dev       Count
AUTHENTICATE                                             8.0           8           8         0.0           1
CREATE_TICKET_GRANTING_TICKET                           21.0          21          21         0.0           1
GRANT_SERVICE_TICKET                                     4.0           4           4         0.0           1
VALIDATE_SERVICE_TICKET                                  6.0           6           6         0.0           1

Performance Statistics   2014-01-10 15:48:00 - 2014-01-10 15:49:00
Tag                                                  Avg(ms)         Min         Max     Std Dev       Count

Performance Statistics   2014-01-10 15:49:00 - 2014-01-10 15:50:00
Tag                                                  Avg(ms)         Min         Max     Std Dev       Count

Performance Statistics   2014-01-10 15:50:00 - 2014-01-10 15:51:00
Tag                                                  Avg(ms)         Min         Max     Std Dev       Count

Performance Statistics   2014-01-10 15:51:00 - 2014-01-10 15:52:00
Tag                                                  Avg(ms)         Min         Max     Std Dev       Count

Performance Statistics   2014-01-10 15:52:00 - 2014-01-10 15:53:00
Tag                                                  Avg(ms)         Min         Max     Std Dev       Count

Performance Statistics   2014-01-10 15:53:00 - 2014-01-10 15:54:00
Tag                                                  Avg(ms)         Min         Max     Std Dev       Count

Performance Statistics   2014-01-10 15:56:00 - 2014-01-10 15:57:00
Tag                                                  Avg(ms)         Min         Max     Std Dev       Count

Performance Statistics   2014-01-10 15:57:00 - 2014-01-10 15:58:00
Tag                                                  Avg(ms)         Min         Max     Std Dev       Count

Performance Statistics   2014-01-10 15:58:00 - 2014-01-10 15:59:00
Tag                                                  Avg(ms)         Min         Max     Std Dev       Count

Performance Statistics   2014-01-10 15:59:00 - 2014-01-10 16:00:00
Tag                                                  Avg(ms)         Min         Max     Std Dev       Count

Performance Statistics   2014-01-10 16:00:00 - 2014-01-10 16:01:00
Tag                                                  Avg(ms)         Min         Max     Std Dev       Count

Performance Statistics   2014-01-10 16:01:00 - 2014-01-10 16:02:00
Tag                                                  Avg(ms)         Min         Max     Std Dev       Count

Performance Statistics   2014-01-10 16:02:00 - 2014-01-10 16:03:00
Tag                                                  Avg(ms)         Min         Max     Std Dev       Count

Performance Statistics   2014-01-10 16:03:00 - 2014-01-10 16:04:00
Tag                                                  Avg(ms)         Min         Max     Std Dev       Count

Performance Statistics   2014-01-10 16:04:00 - 2014-01-10 16:05:00
Tag                                                  Avg(ms)         Min         Max     Std Dev       Count

Performance Statistics   2014-01-10 16:05:00 - 2014-01-10 16:06:00
Tag                                                  Avg(ms)         Min         Max     Std Dev       Count

Performance Statistics   2014-01-10 16:06:00 - 2014-01-10 16:07:00
Tag                                                  Avg(ms)         Min         Max     Std Dev       Count

Performance Statistics   2014-01-10 16:07:00 - 2014-01-10 16:08:00
Tag                                                  Avg(ms)         Min         Max     Std Dev       Count

Performance Statistics   2014-01-10 16:08:00 - 2014-01-10 16:09:00
Tag                                                  Avg(ms)         Min         Max     Std Dev       Count

Performance Statistics   2014-01-10 16:09:00 - 2014-01-10 16:10:00
Tag                                                  Avg(ms)         Min         Max     Std Dev       Count

Performance Statistics   2014-01-10 16:10:00 - 2014-01-10 16:11:00
Tag                                                  Avg(ms)         Min         Max     Std Dev       Count

Performance Statistics   2014-01-10 16:11:00 - 2014-01-10 16:12:00
Tag                                                  Avg(ms)         Min         Max     Std Dev       Count

Performance Statistics   2014-01-10 16:12:00 - 2014-01-10 16:13:00
Tag                                                  Avg(ms)         Min         Max     Std Dev       Count

Performance Statistics   2014-01-10 16:13:00 - 2014-01-10 16:14:00
Tag                                                  Avg(ms)         Min         Max     Std Dev       Count

Performance Statistics   2014-01-10 16:15:00 - 2014-01-10 16:16:00
Tag                                                  Avg(ms)         Min         Max     Std Dev       Count

Performance Statistics   2014-01-10 16:16:00 - 2014-01-10 16:17:00
Tag                                                  Avg(ms)         Min         Max     Std Dev       Count

Performance Statistics   2014-01-10 16:17:00 - 2014-01-10 16:18:00
Tag                                                  Avg(ms)         Min         Max     Std Dev       Count

Performance Statistics   2014-01-10 16:18:00 - 2014-01-10 16:19:00
Tag                                                  Avg(ms)         Min         Max     Std Dev       Count

Performance Statistics   2014-01-10 16:22:00 - 2014-01-10 16:23:00
Tag                                                  Avg(ms)         Min         Max     Std Dev       Count

Performance Statistics   2014-01-10 16:23:00 - 2014-01-10 16:24:00
Tag                                                  Avg(ms)         Min         Max     Std Dev       Count

Performance Statistics   2014-01-10 16:24:00 - 2014-01-10 16:25:00
Tag                                                  Avg(ms)         Min         Max     Std Dev       Count

Performance Statistics   2014-01-10 16:25:00 - 2014-01-10 16:26:00
Tag                                                  Avg(ms)         Min         Max     Std Dev       Count

Performance Statistics   2014-01-10 16:26:00 - 2014-01-10 16:27:00
Tag                                                  Avg(ms)         Min         Max     Std Dev       Count

Performance Statistics   2014-01-10 16:27:00 - 2014-01-10 16:28:00
Tag                                                  Avg(ms)         Min         Max     Std Dev       Count

Performance Statistics   2014-01-10 16:28:00 - 2014-01-10 16:29:00
Tag                                                  Avg(ms)         Min         Max     Std Dev       Count

Performance Statistics   2014-01-10 16:29:00 - 2014-01-10 16:30:00
Tag                                                  Avg(ms)         Min         Max     Std Dev       Count

Performance Statistics   2014-01-10 16:30:00 - 2014-01-10 16:31:00
Tag                                                  Avg(ms)         Min         Max     Std Dev       Count

Performance Statistics   2014-01-10 16:31:00 - 2014-01-10 16:32:00
Tag                                                  Avg(ms)         Min         Max     Std Dev       Count

Performance Statistics   2014-01-10 16:32:00 - 2014-01-10 16:33:00
Tag                                                  Avg(ms)         Min         Max     Std Dev       Count

Performance Statistics   2014-01-10 16:33:00 - 2014-01-10 16:34:00
Tag                                                  Avg(ms)         Min         Max     Std Dev       Count

Performance Statistics   2014-01-10 16:34:00 - 2014-01-10 16:35:00
Tag                                                  Avg(ms)         Min         Max     Std Dev       Count

Performance Statistics   2014-01-10 16:35:00 - 2014-01-10 16:36:00
Tag                                                  Avg(ms)         Min         Max     Std Dev       Count

Performance Statistics   2014-01-10 16:36:00 - 2014-01-10 16:37:00
Tag                                                  Avg(ms)         Min         Max     Std Dev       Count

Performance Statistics   2014-01-10 16:37:00 - 2014-01-10 16:38:00
Tag                                                  Avg(ms)         Min         Max     Std Dev       Count

Performance Statistics   2014-01-10 16:38:00 - 2014-01-10 16:39:00
Tag                                                  Avg(ms)         Min         Max     Std Dev       Count

Performance Statistics   2014-01-10 16:39:00 - 2014-01-10 16:40:00
Tag                                                  Avg(ms)         Min         Max     Std Dev       Count

Performance Statistics   2014-01-10 16:40:00 - 2014-01-10 16:41:00
Tag                                                  Avg(ms)         Min         Max     Std Dev       Count

Performance Statistics   2014-01-10 16:41:00 - 2014-01-10 16:42:00
Tag                                                  Avg(ms)         Min         Max     Std Dev       Count

Performance Statistics   2014-01-10 16:42:00 - 2014-01-10 16:43:00
Tag                                                  Avg(ms)         Min         Max     Std Dev       Count

Performance Statistics   2014-01-10 16:43:00 - 2014-01-10 16:44:00
Tag                                                  Avg(ms)         Min         Max     Std Dev       Count

Performance Statistics   2014-01-10 16:44:00 - 2014-01-10 16:45:00
Tag                                                  Avg(ms)         Min         Max     Std Dev       Count

Performance Statistics   2014-01-10 16:45:00 - 2014-01-10 16:46:00
Tag                                                  Avg(ms)         Min         Max     Std Dev       Count

Performance Statistics   2014-01-10 16:46:00 - 2014-01-10 16:47:00
Tag                                                  Avg(ms)         Min         Max     Std Dev       Count

Performance Statistics   2014-01-10 16:47:00 - 2014-01-10 16:48:00
Tag                                                  Avg(ms)         Min         Max     Std Dev       Count

Performance Statistics   2014-01-10 16:48:00 - 2014-01-10 16:49:00
Tag                                                  Avg(ms)         Min         Max     Std Dev       Count

Performance Statistics   2014-01-10 16:49:00 - 2014-01-10 16:50:00
Tag                                                  Avg(ms)         Min         Max     Std Dev       Count

Performance Statistics   2014-01-10 16:50:00 - 2014-01-10 16:51:00
Tag                                                  Avg(ms)         Min         Max     Std Dev       Count

Performance Statistics   2014-01-10 16:51:00 - 2014-01-10 16:52:00
Tag                                                  Avg(ms)         Min         Max     Std Dev       Count

Performance Statistics   2014-01-10 16:52:00 - 2014-01-10 16:53:00
Tag                                                  Avg(ms)         Min         Max     Std Dev       Count

Performance Statistics   2014-01-10 16:53:00 - 2014-01-10 16:54:00
Tag                                                  Avg(ms)         Min         Max     Std Dev       Count

Performance Statistics   2014-01-10 16:54:00 - 2014-01-10 16:55:00
Tag                                                  Avg(ms)         Min         Max     Std Dev       Count

Performance Statistics   2014-01-10 16:55:00 - 2014-01-10 16:56:00
Tag                                                  Avg(ms)         Min         Max     Std Dev       Count

Performance Statistics   2014-01-10 16:56:00 - 2014-01-10 16:57:00
Tag                                                  Avg(ms)         Min         Max     Std Dev       Count

Performance Statistics   2014-01-10 16:57:00 - 2014-01-10 16:58:00
Tag                                                  Avg(ms)         Min         Max     Std Dev       Count

Performance Statistics   2014-01-10 16:58:00 - 2014-01-10 16:59:00
Tag                                                  Avg(ms)         Min         Max     Std Dev       Count

Performance Statistics   2014-01-10 16:59:00 - 2014-01-10 17:00:00
Tag                                                  Avg(ms)         Min         Max     Std Dev       Count

Performance Statistics   2014-01-10 17:00:00 - 2014-01-10 17:01:00
Tag                                                  Avg(ms)         Min         Max     Std Dev       Count

Performance Statistics   2014-01-10 17:01:00 - 2014-01-10 17:02:00
Tag                                                  Avg(ms)         Min         Max     Std Dev       Count

Performance Statistics   2014-01-10 17:02:00 - 2014-01-10 17:03:00
Tag                                                  Avg(ms)         Min         Max     Std Dev       Count

Performance Statistics   2014-01-10 17:03:00 - 2014-01-10 17:04:00
Tag                                                  Avg(ms)         Min         Max     Std Dev       Count

Performance Statistics   2014-01-10 17:04:00 - 2014-01-10 17:05:00
Tag                                                  Avg(ms)         Min         Max     Std Dev       Count

Performance Statistics   2014-01-10 17:05:00 - 2014-01-10 17:06:00
Tag                                                  Avg(ms)         Min         Max     Std Dev       Count

Performance Statistics   2014-01-10 17:06:00 - 2014-01-10 17:07:00
Tag                                                  Avg(ms)         Min         Max     Std Dev       Count

Performance Statistics   2014-01-10 17:07:00 - 2014-01-10 17:08:00
Tag                                                  Avg(ms)         Min         Max     Std Dev       Count

Performance Statistics   2014-01-10 17:08:00 - 2014-01-10 17:09:00
Tag                                                  Avg(ms)         Min         Max     Std Dev       Count

Performance Statistics   2014-01-10 17:09:00 - 2014-01-10 17:10:00
Tag                                                  Avg(ms)         Min         Max     Std Dev       Count

Performance Statistics   2014-01-10 17:10:00 - 2014-01-10 17:11:00
Tag                                                  Avg(ms)         Min         Max     Std Dev       Count

Performance Statistics   2014-01-10 17:11:00 - 2014-01-10 17:12:00
Tag                                                  Avg(ms)         Min         Max     Std Dev       Count

Performance Statistics   2014-01-10 17:12:00 - 2014-01-10 17:13:00
Tag                                                  Avg(ms)         Min         Max     Std Dev       Count

Performance Statistics   2014-01-10 17:13:00 - 2014-01-10 17:14:00
Tag                                                  Avg(ms)         Min         Max     Std Dev       Count

Performance Statistics   2014-01-10 17:14:00 - 2014-01-10 17:15:00
Tag                                                  Avg(ms)         Min         Max     Std Dev       Count

Performance Statistics   2014-01-10 17:15:00 - 2014-01-10 17:16:00
Tag                                                  Avg(ms)         Min         Max     Std Dev       Count

Performance Statistics   2014-01-10 17:16:00 - 2014-01-10 17:17:00
Tag                                                  Avg(ms)         Min         Max     Std Dev       Count

Performance Statistics   2014-01-10 17:17:00 - 2014-01-10 17:18:00
Tag                                                  Avg(ms)         Min         Max     Std Dev       Count

Performance Statistics   2014-01-10 17:18:00 - 2014-01-10 17:19:00
Tag                                                  Avg(ms)         Min         Max     Std Dev       Count

Performance Statistics   2014-01-10 17:19:00 - 2014-01-10 17:20:00
Tag                                                  Avg(ms)         Min         Max     Std Dev       Count

Performance Statistics   2014-01-10 17:20:00 - 2014-01-10 17:21:00
Tag                                                  Avg(ms)         Min         Max     Std Dev       Count

Performance Statistics   2014-01-10 17:21:00 - 2014-01-10 17:22:00
Tag                                                  Avg(ms)         Min         Max     Std Dev       Count

Performance Statistics   2014-01-10 17:22:00 - 2014-01-10 17:23:00
Tag                                                  Avg(ms)         Min         Max     Std Dev       Count

Performance Statistics   2014-01-10 17:23:00 - 2014-01-10 17:24:00
Tag                                                  Avg(ms)         Min         Max     Std Dev       Count

Performance Statistics   2014-01-10 17:24:00 - 2014-01-10 17:25:00
Tag                                                  Avg(ms)         Min         Max     Std Dev       Count

Performance Statistics   2014-01-10 17:25:00 - 2014-01-10 17:26:00
Tag                                                  Avg(ms)         Min         Max     Std Dev       Count

Performance Statistics   2014-01-10 17:26:00 - 2014-01-10 17:27:00
Tag                                                  Avg(ms)         Min         Max     Std Dev       Count

Performance Statistics   2014-01-10 17:27:00 - 2014-01-10 17:28:00
Tag                                                  Avg(ms)         Min         Max     Std Dev       Count

Performance Statistics   2014-01-10 17:28:00 - 2014-01-10 17:29:00
Tag                                                  Avg(ms)         Min         Max     Std Dev       Count

Performance Statistics   2014-01-10 17:29:00 - 2014-01-10 17:30:00
Tag                                                  Avg(ms)         Min         Max     Std Dev       Count

Performance Statistics   2014-01-10 17:30:00 - 2014-01-10 17:31:00
Tag                                                  Avg(ms)         Min         Max     Std Dev       Count

Performance Statistics   2014-01-10 17:31:00 - 2014-01-10 17:32:00
Tag                                                  Avg(ms)         Min         Max     Std Dev       Count

Performance Statistics   2014-01-10 17:32:00 - 2014-01-10 17:33:00
Tag                                                  Avg(ms)         Min         Max     Std Dev       Count

Performance Statistics   2014-01-10 17:33:00 - 2014-01-10 17:34:00
Tag                                                  Avg(ms)         Min         Max     Std Dev       Count

Performance Statistics   2014-01-10 17:34:00 - 2014-01-10 17:35:00
Tag                                                  Avg(ms)         Min         Max     Std Dev       Count

Performance Statistics   2014-01-10 17:35:00 - 2014-01-10 17:36:00
Tag                                                  Avg(ms)         Min         Max     Std Dev       Count

Performance Statistics   2014-01-10 17:36:00 - 2014-01-10 17:37:00
Tag                                                  Avg(ms)         Min         Max     Std Dev       Count

Performance Statistics   2014-01-10 17:37:00 - 2014-01-10 17:38:00
Tag                                                  Avg(ms)         Min         Max     Std Dev       Count

Performance Statistics   2014-01-10 17:38:00 - 2014-01-10 17:39:00
Tag                                                  Avg(ms)         Min         Max     Std Dev       Count

Performance Statistics   2014-01-10 17:39:00 - 2014-01-10 17:40:00
Tag                                                  Avg(ms)         Min         Max     Std Dev       Count

Performance Statistics   2014-01-10 17:40:00 - 2014-01-10 17:41:00
Tag                                                  Avg(ms)         Min         Max     Std Dev       Count

Performance Statistics   2014-01-10 17:41:00 - 2014-01-10 17:42:00
Tag                                                  Avg(ms)         Min         Max     Std Dev       Count

Performance Statistics   2014-01-10 17:42:00 - 2014-01-10 17:43:00
Tag                                                  Avg(ms)         Min         Max     Std Dev       Count

Performance Statistics   2014-01-10 17:43:00 - 2014-01-10 17:44:00
Tag                                                  Avg(ms)         Min         Max     Std Dev       Count

Performance Statistics   2014-01-10 17:44:00 - 2014-01-10 17:45:00
Tag                                                  Avg(ms)         Min         Max     Std Dev       Count

Performance Statistics   2014-01-10 17:45:00 - 2014-01-10 17:46:00
Tag                                                  Avg(ms)         Min         Max     Std Dev       Count

Performance Statistics   2014-01-10 17:46:00 - 2014-01-10 17:47:00
Tag                                                  Avg(ms)         Min         Max     Std Dev       Count

Performance Statistics   2014-01-10 17:47:00 - 2014-01-10 17:48:00
Tag                                                  Avg(ms)         Min         Max     Std Dev       Count

Performance Statistics   2014-01-10 17:48:00 - 2014-01-10 17:49:00
Tag                                                  Avg(ms)         Min         Max     Std Dev       Count

Performance Statistics   2014-01-10 17:49:00 - 2014-01-10 17:50:00
Tag                                                  Avg(ms)         Min         Max     Std Dev       Count

Performance Statistics   2014-01-10 17:50:00 - 2014-01-10 17:51:00
Tag                                                  Avg(ms)         Min         Max     Std Dev       Count

Performance Statistics   2014-01-10 17:51:00 - 2014-01-10 17:52:00
Tag                                                  Avg(ms)         Min         Max     Std Dev       Count

Performance Statistics   2014-01-10 17:52:00 - 2014-01-10 17:53:00
Tag                                                  Avg(ms)         Min         Max     Std Dev       Count

Performance Statistics   2014-01-10 17:53:00 - 2014-01-10 17:54:00
Tag                                                  Avg(ms)         Min         Max     Std Dev       Count

Performance Statistics   2014-01-10 17:54:00 - 2014-01-10 17:55:00
Tag                                                  Avg(ms)         Min         Max     Std Dev       Count

Performance Statistics   2014-01-10 17:55:00 - 2014-01-10 17:56:00
Tag                                                  Avg(ms)         Min         Max     Std Dev       Count

Performance Statistics   2014-01-10 17:56:00 - 2014-01-10 17:57:00
Tag                                                  Avg(ms)         Min         Max     Std Dev       Count

Performance Statistics   2014-01-10 17:57:00 - 2014-01-10 17:58:00
Tag                                                  Avg(ms)         Min         Max     Std Dev       Count

Performance Statistics   2014-01-10 17:58:00 - 2014-01-10 17:59:00
Tag                                                  Avg(ms)         Min         Max     Std Dev       Count

Performance Statistics   2014-01-10 17:59:00 - 2014-01-10 18:00:00
Tag                                                  Avg(ms)         Min         Max     Std Dev       Count

Performance Statistics   2014-01-10 18:00:00 - 2014-01-10 18:01:00
Tag                                                  Avg(ms)         Min         Max     Std Dev       Count

Performance Statistics   2014-01-10 18:01:00 - 2014-01-10 18:02:00
Tag                                                  Avg(ms)         Min         Max     Std Dev       Count

Performance Statistics   2014-01-10 18:02:00 - 2014-01-10 18:03:00
Tag                                                  Avg(ms)         Min         Max     Std Dev       Count

Performance Statistics   2014-01-10 18:03:00 - 2014-01-10 18:04:00
Tag                                                  Avg(ms)         Min         Max     Std Dev       Count

Performance Statistics   2014-01-10 18:04:00 - 2014-01-10 18:05:00
Tag                                                  Avg(ms)         Min         Max     Std Dev       Count

Performance Statistics   2014-01-10 18:05:00 - 2014-01-10 18:06:00
Tag                                                  Avg(ms)         Min         Max     Std Dev       Count

Performance Statistics   2014-01-10 18:06:00 - 2014-01-10 18:07:00
Tag                                                  Avg(ms)         Min         Max     Std Dev       Count

Performance Statistics   2014-01-10 18:07:00 - 2014-01-10 18:08:00
Tag                                                  Avg(ms)         Min         Max     Std Dev       Count

Performance Statistics   2014-01-10 18:08:00 - 2014-01-10 18:09:00
Tag                                                  Avg(ms)         Min         Max     Std Dev       Count

Performance Statistics   2014-01-10 18:09:00 - 2014-01-10 18:10:00
Tag                                                  Avg(ms)         Min         Max     Std Dev       Count

Performance Statistics   2014-01-10 18:10:00 - 2014-01-10 18:11:00
Tag                                                  Avg(ms)         Min         Max     Std Dev       Count

Performance Statistics   2014-01-10 18:11:00 - 2014-01-10 18:12:00
Tag                                                  Avg(ms)         Min         Max     Std Dev       Count

Performance Statistics   2014-01-10 18:12:00 - 2014-01-10 18:13:00
Tag                                                  Avg(ms)         Min         Max     Std Dev       Count

Performance Statistics   2014-01-10 18:13:00 - 2014-01-10 18:14:00
Tag                                                  Avg(ms)         Min         Max     Std Dev       Count

Performance Statistics   2014-01-10 18:14:00 - 2014-01-10 18:15:00
Tag                                                  Avg(ms)         Min         Max     Std Dev       Count

Performance Statistics   2014-01-10 18:15:00 - 2014-01-10 18:16:00
Tag                                                  Avg(ms)         Min         Max     Std Dev       Count

Performance Statistics   2014-01-13 09:16:00 - 2014-01-13 09:17:00
Tag                                                  Avg(ms)         Min         Max     Std Dev       Count

Performance Statistics   2014-01-13 09:17:00 - 2014-01-13 09:18:00
Tag                                                  Avg(ms)         Min         Max     Std Dev       Count

Performance Statistics   2014-01-13 09:18:00 - 2014-01-13 09:19:00
Tag                                                  Avg(ms)         Min         Max     Std Dev       Count

Performance Statistics   2014-01-13 09:19:00 - 2014-01-13 09:20:00
Tag                                                  Avg(ms)         Min         Max     Std Dev       Count
AUTHENTICATE                                             8.0           8           8         0.0           1
CREATE_TICKET_GRANTING_TICKET                           33.0          33          33         0.0           1
GRANT_SERVICE_TICKET                                     3.0           3           3         0.0           1
VALIDATE_SERVICE_TICKET                                  4.0           4           4         0.0           1

Performance Statistics   2014-01-13 09:25:00 - 2014-01-13 09:26:00
Tag                                                  Avg(ms)         Min         Max     Std Dev       Count

Performance Statistics   2014-01-13 09:26:00 - 2014-01-13 09:27:00
Tag                                                  Avg(ms)         Min         Max     Std Dev       Count

Performance Statistics   2014-01-13 09:27:00 - 2014-01-13 09:28:00
Tag                                                  Avg(ms)         Min         Max     Std Dev       Count

Performance Statistics   2014-01-13 09:28:00 - 2014-01-13 09:29:00
Tag                                                  Avg(ms)         Min         Max     Std Dev       Count

Performance Statistics   2014-01-13 09:29:00 - 2014-01-13 09:30:00
Tag                                                  Avg(ms)         Min         Max     Std Dev       Count

Performance Statistics   2014-01-13 09:30:00 - 2014-01-13 09:31:00
Tag                                                  Avg(ms)         Min         Max     Std Dev       Count

Performance Statistics   2014-01-13 09:31:00 - 2014-01-13 09:32:00
Tag                                                  Avg(ms)         Min         Max     Std Dev       Count

Performance Statistics   2014-01-13 09:36:00 - 2014-01-13 09:37:00
Tag                                                  Avg(ms)         Min         Max     Std Dev       Count

Performance Statistics   2014-01-13 09:39:00 - 2014-01-13 09:40:00
Tag                                                  Avg(ms)         Min         Max     Std Dev       Count

Performance Statistics   2014-01-17 10:55:00 - 2014-01-17 10:56:00
Tag                                                  Avg(ms)         Min         Max     Std Dev       Count

Performance Statistics   2014-01-17 10:56:00 - 2014-01-17 10:57:00
Tag                                                  Avg(ms)         Min         Max     Std Dev       Count

Performance Statistics   2014-01-17 10:57:00 - 2014-01-17 10:58:00
Tag                                                  Avg(ms)         Min         Max     Std Dev       Count

Performance Statistics   2014-01-17 10:58:00 - 2014-01-17 10:59:00
Tag                                                  Avg(ms)         Min         Max     Std Dev       Count

Performance Statistics   2014-01-17 10:59:00 - 2014-01-17 11:00:00
Tag                                                  Avg(ms)         Min         Max     Std Dev       Count

Performance Statistics   2014-01-17 11:00:00 - 2014-01-17 11:01:00
Tag                                                  Avg(ms)         Min         Max     Std Dev       Count

Performance Statistics   2014-01-17 11:01:00 - 2014-01-17 11:02:00
Tag                                                  Avg(ms)         Min         Max     Std Dev       Count

Performance Statistics   2014-01-17 11:02:00 - 2014-01-17 11:03:00
Tag                                                  Avg(ms)         Min         Max     Std Dev       Count

Performance Statistics   2014-01-17 11:03:00 - 2014-01-17 11:04:00
Tag                                                  Avg(ms)         Min         Max     Std Dev       Count

Performance Statistics   2014-01-17 11:04:00 - 2014-01-17 11:05:00
Tag                                                  Avg(ms)         Min         Max     Std Dev       Count

Performance Statistics   2014-01-17 11:05:00 - 2014-01-17 11:06:00
Tag                                                  Avg(ms)         Min         Max     Std Dev       Count

Performance Statistics   2014-01-17 11:06:00 - 2014-01-17 11:07:00
Tag                                                  Avg(ms)         Min         Max     Std Dev       Count

Performance Statistics   2014-01-17 11:07:00 - 2014-01-17 11:08:00
Tag                                                  Avg(ms)         Min         Max     Std Dev       Count

Performance Statistics   2014-01-17 11:08:00 - 2014-01-17 11:09:00
Tag                                                  Avg(ms)         Min         Max     Std Dev       Count

Performance Statistics   2014-01-17 11:09:00 - 2014-01-17 11:10:00
Tag                                                  Avg(ms)         Min         Max     Std Dev       Count

Performance Statistics   2014-01-17 11:10:00 - 2014-01-17 11:11:00
Tag                                                  Avg(ms)         Min         Max     Std Dev       Count

Performance Statistics   2014-01-17 11:11:00 - 2014-01-17 11:12:00
Tag                                                  Avg(ms)         Min         Max     Std Dev       Count

Performance Statistics   2014-01-17 11:12:00 - 2014-01-17 11:13:00
Tag                                                  Avg(ms)         Min         Max     Std Dev       Count

