2013-07-10 09:23:11,255 - ResourceManager : found vm/BaseLegacyEntity.vm with loader org.apache.velocity.runtime.resource.loader.ClasspathResourceLoader
2013-07-10 09:23:11,259 - ResourceManager : found vm/BaseLegacyEntity.vm with loader org.apache.velocity.runtime.resource.loader.ClasspathResourceLoader
2013-07-10 09:23:11,264 - ResourceManager : found vm/BaseLegacyEntity.vm with loader org.apache.velocity.runtime.resource.loader.ClasspathResourceLoader
2013-07-10 09:23:11,271 - ResourceManager : found vm/BaseLegacyEntity.vm with loader org.apache.velocity.runtime.resource.loader.ClasspathResourceLoader
2013-07-10 09:23:11,277 - ResourceManager : found vm/BaseLegacyEntity.vm with loader org.apache.velocity.runtime.resource.loader.ClasspathResourceLoader
2013-07-10 09:23:11,283 - ResourceManager : found vm/BaseLegacyEntity.vm with loader org.apache.velocity.runtime.resource.loader.ClasspathResourceLoader
2013-07-10 14:52:11,135 - Log4JLogChute initialized using file 'velocity.log'
2013-07-10 14:52:11,135 - Initializing Velocity, Calling init()...
2013-07-10 14:52:11,135 - Starting Apache Velocity v1.7 (compiled: 2010-11-19 12:14:37)
2013-07-10 14:52:11,135 - Default Properties File: org\apache\velocity\runtime\defaults\velocity.properties
2013-07-10 14:52:11,135 - Trying to use logger class org.apache.velocity.runtime.log.AvalonLogChute
2013-07-10 14:52:11,135 - Target log system for org.apache.velocity.runtime.log.AvalonLogChute is not available (java.lang.NoClassDefFoundError: org/apache/log/format/Formatter).  Falling back to next log system...
2013-07-10 14:52:11,135 - Trying to use logger class org.apache.velocity.runtime.log.Log4JLogChute
2013-07-10 14:52:11,135 - Using logger class org.apache.velocity.runtime.log.Log4JLogChute
2013-07-10 14:52:11,135 - ResourceLoader instantiated: org.apache.velocity.runtime.resource.loader.ClasspathResourceLoader
2013-07-10 14:52:11,166 - ResourceCache: initialized (class org.apache.velocity.runtime.resource.ResourceCacheImpl) with class java.util.Collections$SynchronizedMap cache map.
2013-07-10 14:52:11,166 - Loaded System Directive: org.apache.velocity.runtime.directive.Stop
2013-07-10 14:52:11,166 - Loaded System Directive: org.apache.velocity.runtime.directive.Define
2013-07-10 14:52:11,166 - Loaded System Directive: org.apache.velocity.runtime.directive.Break
2013-07-10 14:52:11,166 - Loaded System Directive: org.apache.velocity.runtime.directive.Evaluate
2013-07-10 14:52:11,166 - Loaded System Directive: org.apache.velocity.runtime.directive.Literal
2013-07-10 14:52:11,181 - Loaded System Directive: org.apache.velocity.runtime.directive.Macro
2013-07-10 14:52:11,181 - Loaded System Directive: org.apache.velocity.runtime.directive.Parse
2013-07-10 14:52:11,181 - Loaded System Directive: org.apache.velocity.runtime.directive.Include
2013-07-10 14:52:11,181 - Loaded System Directive: org.apache.velocity.runtime.directive.Foreach
2013-07-10 14:52:11,228 - Created '20' parsers.
2013-07-10 14:52:11,228 - Velocimacro : "velocimacro.library" is not set.  Trying default library: VM_global_library.vm
2013-07-10 14:52:11,228 - Could not load resource 'VM_global_library.vm' from ResourceLoader org.apache.velocity.runtime.resource.loader.ClasspathResourceLoader: ClasspathResourceLoader Error: cannot find resource VM_global_library.vm
2013-07-10 14:52:11,228 - Velocimacro : Default library not found.
2013-07-10 14:52:11,228 - Velocimacro : allowInline = true : VMs can be defined inline in templates
2013-07-10 14:52:11,228 - Velocimacro : allowInlineToOverride = false : VMs defined inline may NOT replace previous VM definitions
2013-07-10 14:52:11,228 - Velocimacro : allowInlineLocal = false : VMs defined inline will be global in scope if allowed.
2013-07-10 14:52:11,228 - Velocimacro : autoload off : VM system will not automatically reload global library macros
2013-07-10 14:52:11,244 - ResourceManager : found vm/BaseLegacyEntity.vm with loader org.apache.velocity.runtime.resource.loader.ClasspathResourceLoader
2013-07-10 14:52:11,291 - ResourceManager : found vm/BaseLegacyEntity.vm with loader org.apache.velocity.runtime.resource.loader.ClasspathResourceLoader
2013-07-10 14:52:11,323 - ResourceManager : found vm/BaseLegacyEntity.vm with loader org.apache.velocity.runtime.resource.loader.ClasspathResourceLoader
2013-07-10 14:52:11,323 - ResourceManager : found vm/BaseLegacyEntity.vm with loader org.apache.velocity.runtime.resource.loader.ClasspathResourceLoader
2013-07-10 14:52:11,338 - ResourceManager : found vm/BaseLegacyEntity.vm with loader org.apache.velocity.runtime.resource.loader.ClasspathResourceLoader
2013-07-10 14:52:11,338 - ResourceManager : found vm/BaseLegacyEntity.vm with loader org.apache.velocity.runtime.resource.loader.ClasspathResourceLoader
2013-07-10 14:52:11,354 - ResourceManager : found vm/BaseLegacyEntity.vm with loader org.apache.velocity.runtime.resource.loader.ClasspathResourceLoader
2013-07-10 14:52:11,354 - ResourceManager : found vm/BaseLegacyEntity.vm with loader org.apache.velocity.runtime.resource.loader.ClasspathResourceLoader
2013-07-10 14:52:11,370 - ResourceManager : found vm/AbstractEntity.vm with loader org.apache.velocity.runtime.resource.loader.ClasspathResourceLoader
2013-07-10 14:52:11,370 - ResourceManager : found vm/AbstractEntity.vm with loader org.apache.velocity.runtime.resource.loader.ClasspathResourceLoader
2013-07-10 14:52:11,370 - ResourceManager : found vm/BaseLegacyEntity.vm with loader org.apache.velocity.runtime.resource.loader.ClasspathResourceLoader
2013-07-10 14:52:11,385 - ResourceManager : found vm/AbstractEntity.vm with loader org.apache.velocity.runtime.resource.loader.ClasspathResourceLoader
2013-07-10 14:52:11,401 - ResourceManager : found vm/AbstractEntity.vm with loader org.apache.velocity.runtime.resource.loader.ClasspathResourceLoader
2013-07-10 14:52:11,401 - ResourceManager : found vm/AbstractEntity.vm with loader org.apache.velocity.runtime.resource.loader.ClasspathResourceLoader
2013-07-10 14:52:11,401 - ResourceManager : found vm/AbstractEntity.vm with loader org.apache.velocity.runtime.resource.loader.ClasspathResourceLoader
2013-07-10 14:52:11,416 - ResourceManager : found vm/AbstractEntity.vm with loader org.apache.velocity.runtime.resource.loader.ClasspathResourceLoader
2013-07-10 14:52:11,416 - ResourceManager : found vm/AbstractEntity.vm with loader org.apache.velocity.runtime.resource.loader.ClasspathResourceLoader
2013-07-10 14:52:11,432 - ResourceManager : found vm/AbstractEntity.vm with loader org.apache.velocity.runtime.resource.loader.ClasspathResourceLoader
2013-07-10 14:52:11,448 - ResourceManager : found vm/AbstractEntity.vm with loader org.apache.velocity.runtime.resource.loader.ClasspathResourceLoader
2013-07-10 14:52:11,448 - ResourceManager : found vm/AbstractEntity.vm with loader org.apache.velocity.runtime.resource.loader.ClasspathResourceLoader
2013-07-10 14:52:11,448 - ResourceManager : found vm/AbstractEntity.vm with loader org.apache.velocity.runtime.resource.loader.ClasspathResourceLoader
2013-07-10 14:52:11,463 - ResourceManager : found vm/AbstractEntity.vm with loader org.apache.velocity.runtime.resource.loader.ClasspathResourceLoader
2013-07-10 14:52:11,463 - ResourceManager : found vm/AbstractEntity.vm with loader org.apache.velocity.runtime.resource.loader.ClasspathResourceLoader
2013-07-10 14:52:11,463 - ResourceManager : found vm/AbstractEntity.vm with loader org.apache.velocity.runtime.resource.loader.ClasspathResourceLoader
2013-07-10 14:52:11,479 - ResourceManager : found vm/BaseLegacyEntity.vm with loader org.apache.velocity.runtime.resource.loader.ClasspathResourceLoader
2013-07-10 14:52:11,479 - ResourceManager : found vm/BaseLegacyEntity.vm with loader org.apache.velocity.runtime.resource.loader.ClasspathResourceLoader
2013-07-10 14:52:11,494 - ResourceManager : found vm/BaseLegacyEntity.vm with loader org.apache.velocity.runtime.resource.loader.ClasspathResourceLoader
2013-07-10 14:52:11,494 - ResourceManager : found vm/EntityPK.vm with loader org.apache.velocity.runtime.resource.loader.ClasspathResourceLoader
2013-07-10 14:52:11,494 - ResourceManager : found vm/BaseLegacyEntityWithPK.vm with loader org.apache.velocity.runtime.resource.loader.ClasspathResourceLoader
2013-07-10 14:52:11,494 - ResourceManager : found vm/BaseLegacyEntity.vm with loader org.apache.velocity.runtime.resource.loader.ClasspathResourceLoader
2013-07-10 14:52:11,510 - ResourceManager : found vm/BaseLegacyEntity.vm with loader org.apache.velocity.runtime.resource.loader.ClasspathResourceLoader
2013-07-10 14:52:11,510 - ResourceManager : found vm/BaseLegacyEntity.vm with loader org.apache.velocity.runtime.resource.loader.ClasspathResourceLoader
2013-07-10 14:52:11,510 - ResourceManager : found vm/BaseLegacyEntity.vm with loader org.apache.velocity.runtime.resource.loader.ClasspathResourceLoader
2013-07-10 14:52:11,510 - ResourceManager : found vm/BaseLegacyEntity.vm with loader org.apache.velocity.runtime.resource.loader.ClasspathResourceLoader
2013-07-10 14:52:11,526 - ResourceManager : found vm/BaseLegacyEntity.vm with loader org.apache.velocity.runtime.resource.loader.ClasspathResourceLoader
2013-07-10 14:52:11,526 - ResourceManager : found vm/BaseLegacyEntity.vm with loader org.apache.velocity.runtime.resource.loader.ClasspathResourceLoader
2013-07-10 14:52:11,526 - ResourceManager : found vm/AbstractEntity.vm with loader org.apache.velocity.runtime.resource.loader.ClasspathResourceLoader
2013-07-10 14:52:11,526 - ResourceManager : found vm/BaseLegacyEntity.vm with loader org.apache.velocity.runtime.resource.loader.ClasspathResourceLoader
2013-07-10 14:52:11,541 - ResourceManager : found vm/BaseLegacyEntity.vm with loader org.apache.velocity.runtime.resource.loader.ClasspathResourceLoader
2013-07-10 14:52:11,541 - ResourceManager : found vm/BaseLegacyEntity.vm with loader org.apache.velocity.runtime.resource.loader.ClasspathResourceLoader
2013-07-10 14:52:11,541 - ResourceManager : found vm/BaseLegacyEntity.vm with loader org.apache.velocity.runtime.resource.loader.ClasspathResourceLoader
2013-07-10 14:52:11,557 - ResourceManager : found vm/BaseLegacyEntity.vm with loader org.apache.velocity.runtime.resource.loader.ClasspathResourceLoader
2013-07-10 14:52:11,557 - ResourceManager : found vm/BaseLegacyEntity.vm with loader org.apache.velocity.runtime.resource.loader.ClasspathResourceLoader
2013-07-10 14:52:11,557 - ResourceManager : found vm/BaseLegacyEntity.vm with loader org.apache.velocity.runtime.resource.loader.ClasspathResourceLoader
2013-07-10 14:52:11,572 - ResourceManager : found vm/BaseLegacyEntity.vm with loader org.apache.velocity.runtime.resource.loader.ClasspathResourceLoader
2013-07-10 14:52:11,572 - ResourceManager : found vm/BaseLegacyEntity.vm with loader org.apache.velocity.runtime.resource.loader.ClasspathResourceLoader
2013-07-10 14:52:11,572 - ResourceManager : found vm/BaseLegacyEntity.vm with loader org.apache.velocity.runtime.resource.loader.ClasspathResourceLoader
